0 info it worked if it ends with ok
1 verbose cli [ 'D:\\node.js\\node.exe',
1 verbose cli   'D:\\node.js\\node_modules\\npm\\bin\\npm-cli.js',
1 verbose cli   'publish' ]
2 info using npm@3.10.10
3 info using node@v7.2.1
4 verbose publish [ '.' ]
5 silly cache add args [ '.', null ]
6 verbose cache add spec .
7 silly cache add parsed spec Result {
7 silly cache add   raw: '.',
7 silly cache add   scope: null,
7 silly cache add   escapedName: null,
7 silly cache add   name: null,
7 silly cache add   rawSpec: '.',
7 silly cache add   spec: 'E:\\12.14专业课\\day4\\mygit',
7 silly cache add   type: 'directory' }
8 verbose addLocalDirectory C:\Users\Administrator\AppData\Roaming\npm-cache\mygit\1.0.0\package.tgz not in flight; packing
9 verbose correctMkdir C:\Users\Administrator\AppData\Roaming\npm-cache correctMkdir not in flight; initializing
10 info lifecycle mygit@1.0.0~prepublish: mygit@1.0.0
11 silly lifecycle mygit@1.0.0~prepublish: no script for prepublish, continuing
12 verbose tar pack [ 'C:\\Users\\Administrator\\AppData\\Roaming\\npm-cache\\mygit\\1.0.0\\package.tgz',
12 verbose tar pack   'E:\\12.14专业课\\day4\\mygit' ]
13 verbose tarball C:\Users\Administrator\AppData\Roaming\npm-cache\mygit\1.0.0\package.tgz
14 verbose folder E:\12.14专业课\day4\mygit
15 verbose addLocalTarball adding from inside cache C:\Users\Administrator\AppData\Roaming\npm-cache\mygit\1.0.0\package.tgz
16 verbose correctMkdir C:\Users\Administrator\AppData\Roaming\npm-cache correctMkdir not in flight; initializing
17 silly cache afterAdd mygit@1.0.0
18 verbose afterAdd C:\Users\Administrator\AppData\Roaming\npm-cache\mygit\1.0.0\package\package.json not in flight; writing
19 verbose correctMkdir C:\Users\Administrator\AppData\Roaming\npm-cache correctMkdir not in flight; initializing
20 verbose afterAdd C:\Users\Administrator\AppData\Roaming\npm-cache\mygit\1.0.0\package\package.json written
21 silly publish { name: 'mygit',
21 silly publish   version: '1.0.0',
21 silly publish   description: '第一个git库',
21 silly publish   main: 'index.js',
21 silly publish   scripts: { test: 'echo "Error: no test specified" && exit 1' },
21 silly publish   repository:
21 silly publish    { type: 'git',
21 silly publish      url: 'git+https://github.com/todayy/new-git.git' },
21 silly publish   author: { name: 'wsn' },
21 silly publish   license: 'ISC',
21 silly publish   bugs: { url: 'https://github.com/todayy/new-git/issues' },
21 silly publish   homepage: 'https://github.com/todayy/new-git#readme',
21 silly publish   readme: '# new-git\r\n第一个git库\r\n',
21 silly publish   readmeFilename: 'README.md',
21 silly publish   gitHead: 'fd4aa074ae094e913de2dc47e650028c6fb340d3',
21 silly publish   _id: 'mygit@1.0.0',
21 silly publish   _shasum: '06c44d5e84e269da521202abef1d00f29d1e8dec',
21 silly publish   _from: '.' }
22 verbose getPublishConfig undefined
23 silly mapToRegistry name mygit
24 silly mapToRegistry using default registry
25 silly mapToRegistry registry https://registry.npmjs.org/
26 silly mapToRegistry data Result {
26 silly mapToRegistry   raw: 'mygit',
26 silly mapToRegistry   scope: null,
26 silly mapToRegistry   escapedName: 'mygit',
26 silly mapToRegistry   name: 'mygit',
26 silly mapToRegistry   rawSpec: '',
26 silly mapToRegistry   spec: 'latest',
26 silly mapToRegistry   type: 'tag' }
27 silly mapToRegistry uri https://registry.npmjs.org/mygit
28 verbose publish registryBase https://registry.npmjs.org/
29 silly publish uploading C:\Users\Administrator\AppData\Roaming\npm-cache\mygit\1.0.0\package.tgz
30 verbose request uri https://registry.npmjs.org/mygit
31 verbose request sending authorization for write operation
32 info attempt registry request try #1 at 01:43:05
33 verbose request using bearer token for auth
34 verbose request id fff16ab441e5a6ec
35 http request PUT https://registry.npmjs.org/mygit
36 http 403 https://registry.npmjs.org/mygit
37 verbose headers { 'content-type': 'application/json',
37 verbose headers   'cache-control': 'max-age=300',
37 verbose headers   'content-length': '99',
37 verbose headers   'accept-ranges': 'bytes',
37 verbose headers   date: 'Wed, 21 Dec 2016 17:43:16 GMT',
37 verbose headers   via: '1.1 varnish',
37 verbose headers   connection: 'keep-alive',
37 verbose headers   'x-served-by': 'cache-itm7421-ITM',
37 verbose headers   'x-cache': 'MISS',
37 verbose headers   'x-cache-hits': '0',
37 verbose headers   'x-timer': 'S1482342195.961226,VS0,VE573',
37 verbose headers   vary: 'Accept-Encoding' }
38 verbose request invalidating C:\Users\Administrator\AppData\Roaming\npm-cache\registry.npmjs.org\mygit on PUT
39 error publish Failed PUT 403
40 verbose stack Error: you do not have permission to publish "mygit". Are you logged in as the correct user? : mygit
40 verbose stack     at makeError (D:\node.js\node_modules\npm\node_modules\npm-registry-client\lib\request.js:302:12)
40 verbose stack     at CachingRegistryClient.<anonymous> (D:\node.js\node_modules\npm\node_modules\npm-registry-client\lib\request.js:290:14)
40 verbose stack     at Request._callback (D:\node.js\node_modules\npm\node_modules\npm-registry-client\lib\request.js:210:14)
40 verbose stack     at Request.self.callback (D:\node.js\node_modules\npm\node_modules\request\request.js:187:22)
40 verbose stack     at emitTwo (events.js:106:13)
40 verbose stack     at Request.emit (events.js:191:7)
40 verbose stack     at Request.<anonymous> (D:\node.js\node_modules\npm\node_modules\request\request.js:1048:10)
40 verbose stack     at emitOne (events.js:96:13)
40 verbose stack     at Request.emit (events.js:188:7)
40 verbose stack     at IncomingMessage.<anonymous> (D:\node.js\node_modules\npm\node_modules\request\request.js:969:12)
41 verbose statusCode 403
42 verbose pkgid mygit
43 verbose cwd E:\12.14专业课\day4\mygit
44 error Windows_NT 6.1.7601
45 error argv "D:\\node.js\\node.exe" "D:\\node.js\\node_modules\\npm\\bin\\npm-cli.js" "publish"
46 error node v7.2.1
47 error npm  v3.10.10
48 error code E403
49 error you do not have permission to publish "mygit". Are you logged in as the correct user? : mygit
50 error If you need help, you may report this error at:
50 error     <https://github.com/npm/npm/issues>
51 verbose exit [ 1, true ]
